[debug] [2021-02-16T06:39:40.674Z] ----------------------------------------------------------------------
[debug] [2021-02-16T06:39:40.676Z] Command:       /usr/local/bin/node /usr/local/bin/firebase emulators:start
[debug] [2021-02-16T06:39:40.676Z] CLI Version:   9.3.0
[debug] [2021-02-16T06:39:40.677Z] Platform:      darwin
[debug] [2021-02-16T06:39:40.677Z] Node Version:  v12.16.1
[debug] [2021-02-16T06:39:40.677Z] Time:          Tue Feb 16 2021 01:39:40 GMT-0500 (Eastern Standard Time)
[debug] [2021-02-16T06:39:40.678Z] ----------------------------------------------------------------------
[debug] [2021-02-16T06:39:40.678Z] 
[debug] [2021-02-16T06:39:40.689Z] > command requires scopes: ["email","openid","https://www.googleapis.com/auth/cloudplatformprojects.readonly","https://www.googleapis.com/auth/firebase","https://www.googleapis.com/auth/cloud-platform"]
[debug] [2021-02-16T06:39:40.690Z] > authorizing via signed-in user
[info] i  emulators: Starting emulators: functions, hosting {"metadata":{"emulator":{"name":"hub"},"message":"Starting emulators: functions, hosting"}}
[debug] [2021-02-16T06:39:40.722Z] [hub] writing locator at /var/folders/yw/vl4bghv10bqdxkwlqwbfyhj00000gn/T/hub-challenge-d2771.json
[warn] ⚠  functions: The following emulators are not running, calls to these services from the Functions emulator will affect production: auth, firestore, database, pubsub {"metadata":{"emulator":{"name":"functions"},"message":"The following emulators are not running, calls to these services from the Functions emulator will affect production: \u001b[1mauth, firestore, database, pubsub\u001b[22m"}}
[info] ✔  functions: Using node@12 from host. {"metadata":{"emulator":{"name":"functions"},"message":"Using node@12 from host."}}
[debug] [2021-02-16T06:39:40.782Z] defaultcredentials: writing to file /Users/sibilubaissa/.config/firebase/sbaissa03_gmail_com_application_default_credentials.json
[debug] [2021-02-16T06:39:40.786Z] Setting GAC to /Users/sibilubaissa/.config/firebase/sbaissa03_gmail_com_application_default_credentials.json {"metadata":{"emulator":{"name":"functions"},"message":"Setting GAC to /Users/sibilubaissa/.config/firebase/sbaissa03_gmail_com_application_default_credentials.json"}}
[debug] [2021-02-16T06:39:40.793Z] >>> [apiv2][query] GET https://firebase.googleapis.com/v1beta1/projects/challenge-d2771/adminSdkConfig [none]
[debug] [2021-02-16T06:39:41.129Z] <<< [apiv2][status] GET https://firebase.googleapis.com/v1beta1/projects/challenge-d2771/adminSdkConfig 200
[debug] [2021-02-16T06:39:41.130Z] <<< [apiv2][body] GET https://firebase.googleapis.com/v1beta1/projects/challenge-d2771/adminSdkConfig {"projectId":"challenge-d2771","storageBucket":"challenge-d2771.appspot.com","locationId":"us-central"}
[debug] [2021-02-16T06:39:41.167Z] >>> [apiv2][query] GET https://firebase.googleapis.com/v1beta1/projects/challenge-d2771/webApps/-/config [none]
[debug] [2021-02-16T06:39:41.477Z] <<< [apiv2][status] GET https://firebase.googleapis.com/v1beta1/projects/challenge-d2771/webApps/-/config 200
[debug] [2021-02-16T06:39:41.477Z] <<< [apiv2][body] GET https://firebase.googleapis.com/v1beta1/projects/challenge-d2771/webApps/-/config {"projectId":"challenge-d2771","appId":"1:1071295212751:web:54a8c0e618fb9e255d9bba","storageBucket":"challenge-d2771.appspot.com","locationId":"us-central","apiKey":"AIzaSyAFwWxPahnB04sGsFZ8pThkAB6-pBiRHyI","authDomain":"challenge-d2771.firebaseapp.com","messagingSenderId":"1071295212751","measurementId":"G-K06JGRYJRT"}
[info] i  hosting: Serving hosting files from: build {"metadata":{"emulator":{"name":"hosting"},"message":"Serving hosting files from: \u001b[1mbuild\u001b[22m"}}
[info] ✔  hosting: Local server: http://localhost:5000 {"metadata":{"emulator":{"name":"hosting"},"message":"Local server: \u001b[4m\u001b[1mhttp://localhost:5000\u001b[22m\u001b[24m"}}
[debug] [2021-02-16T06:39:41.818Z] Ignoring unsupported arg: auto_download {"metadata":{"emulator":{"name":"ui"},"message":"Ignoring unsupported arg: auto_download"}}
[debug] [2021-02-16T06:39:41.819Z] Ignoring unsupported arg: port {"metadata":{"emulator":{"name":"ui"},"message":"Ignoring unsupported arg: port"}}
[debug] [2021-02-16T06:39:41.819Z] Starting Emulator UI with command {"binary":"node","args":["/Users/sibilubaissa/.cache/firebase/emulators/ui-v1.4.1/server.bundle.js"],"optionalArgs":[],"joinArgs":false} {"metadata":{"emulator":{"name":"ui"},"message":"Starting Emulator UI with command {\"binary\":\"node\",\"args\":[\"/Users/sibilubaissa/.cache/firebase/emulators/ui-v1.4.1/server.bundle.js\"],\"optionalArgs\":[],\"joinArgs\":false}"}}
[info] i  ui: Emulator UI logging to ui-debug.log {"metadata":{"emulator":{"name":"ui"},"message":"Emulator UI logging to \u001b[1mui-debug.log\u001b[22m"}}
[debug] [2021-02-16T06:39:41.963Z] Web / API server started at http://localhost:4000
 {"metadata":{"emulator":{"name":"ui"},"message":"Web / API server started at http://localhost:4000\n"}}
[info] i  functions: Watching "/Users/sibilubaissa/webApplicationProject/amazon-clone/functions" for Cloud Functions... {"metadata":{"emulator":{"name":"functions"},"message":"Watching \"/Users/sibilubaissa/webApplicationProject/amazon-clone/functions\" for Cloud Functions..."}}
[debug] [2021-02-16T06:39:42.105Z] [worker-pool] addWorker(~diagnostic~) {"metadata":{"emulator":{"name":"functions"},"message":"[worker-pool] addWorker(~diagnostic~)"}}
[debug] [2021-02-16T06:39:42.106Z] [worker-pool] Adding worker with key ~diagnostic~, total=1 {"metadata":{"emulator":{"name":"functions"},"message":"[worker-pool] Adding worker with key ~diagnostic~, total=1"}}
[debug] [2021-02-16T06:39:42.106Z] [worker-pool] submitWork(triggerId=) {"metadata":{"emulator":{"name":"functions"},"message":"[worker-pool] submitWork(triggerId=)"}}
[debug] [2021-02-16T06:39:42.107Z] [worker-~diagnostic~-df05507f-53ce-49b4-9535-0eeda5b19657]: Assigning socketPath: /var/folders/yw/vl4bghv10bqdxkwlqwbfyhj00000gn/T/fire_emu_3210.sock {"metadata":{"emulator":{"name":"functions"},"message":"[worker-~diagnostic~-df05507f-53ce-49b4-9535-0eeda5b19657]: Assigning socketPath: /var/folders/yw/vl4bghv10bqdxkwlqwbfyhj00000gn/T/fire_emu_3210.sock"}}
[debug] [2021-02-16T06:39:42.109Z] [worker-~diagnostic~-df05507f-53ce-49b4-9535-0eeda5b19657]: BUSY {"metadata":{"emulator":{"name":"functions"},"message":"[worker-~diagnostic~-df05507f-53ce-49b4-9535-0eeda5b19657]: BUSY"}}
[debug] [2021-02-16T06:39:42.273Z] [runtime-status] [3210] Functions runtime initialized. {"cwd":"/Users/sibilubaissa/webApplicationProject/amazon-clone/functions","node_version":"12.16.1"} {"metadata":{"emulator":{"name":"functions"},"message":"[runtime-status] [3210] Functions runtime initialized. {\"cwd\":\"/Users/sibilubaissa/webApplicationProject/amazon-clone/functions\",\"node_version\":\"12.16.1\"}"}}
[debug] [2021-02-16T06:39:42.273Z] [runtime-status] [3210] Disabled runtime features: undefined {"metadata":{"emulator":{"name":"functions"},"message":"[runtime-status] [3210] Disabled runtime features: undefined"}}
[debug] [2021-02-16T06:39:42.276Z] [runtime-status] [3210] Resolved module firebase-admin {"declared":true,"installed":true,"version":"9.5.0","resolution":"/Users/sibilubaissa/webApplicationProject/amazon-clone/functions/node_modules/firebase-admin/lib/index.js"} {"metadata":{"emulator":{"name":"functions"},"message":"[runtime-status] [3210] Resolved module firebase-admin {\"declared\":true,\"installed\":true,\"version\":\"9.5.0\",\"resolution\":\"/Users/sibilubaissa/webApplicationProject/amazon-clone/functions/node_modules/firebase-admin/lib/index.js\"}"}}
[debug] [2021-02-16T06:39:42.279Z] [runtime-status] [3210] Resolved module firebase-functions {"declared":true,"installed":true,"version":"3.13.1","resolution":"/Users/sibilubaissa/webApplicationProject/amazon-clone/functions/node_modules/firebase-functions/lib/index.js"} {"metadata":{"emulator":{"name":"functions"},"message":"[runtime-status] [3210] Resolved module firebase-functions {\"declared\":true,\"installed\":true,\"version\":\"3.13.1\",\"resolution\":\"/Users/sibilubaissa/webApplicationProject/amazon-clone/functions/node_modules/firebase-functions/lib/index.js\"}"}}
[debug] [2021-02-16T06:39:42.280Z] [runtime-status] [3210] Resolved module firebase-functions {"declared":true,"installed":true,"version":"3.13.1","resolution":"/Users/sibilubaissa/webApplicationProject/amazon-clone/functions/node_modules/firebase-functions/lib/index.js"} {"metadata":{"emulator":{"name":"functions"},"message":"[runtime-status] [3210] Resolved module firebase-functions {\"declared\":true,\"installed\":true,\"version\":\"3.13.1\",\"resolution\":\"/Users/sibilubaissa/webApplicationProject/amazon-clone/functions/node_modules/firebase-functions/lib/index.js\"}"}}
[debug] [2021-02-16T06:39:42.281Z] [runtime-status] [3210] Outgoing network have been stubbed. [{"name":"http","status":"mocked"},{"name":"http","status":"mocked"},{"name":"https","status":"mocked"},{"name":"https","status":"mocked"},{"name":"net","status":"mocked"}] {"metadata":{"emulator":{"name":"functions"},"message":"[runtime-status] [3210] Outgoing network have been stubbed. [{\"name\":\"http\",\"status\":\"mocked\"},{\"name\":\"http\",\"status\":\"mocked\"},{\"name\":\"https\",\"status\":\"mocked\"},{\"name\":\"https\",\"status\":\"mocked\"},{\"name\":\"net\",\"status\":\"mocked\"}]"}}
[debug] [2021-02-16T06:39:42.282Z] [runtime-status] [3210] Resolved module firebase-functions {"declared":true,"installed":true,"version":"3.13.1","resolution":"/Users/sibilubaissa/webApplicationProject/amazon-clone/functions/node_modules/firebase-functions/lib/index.js"} {"metadata":{"emulator":{"name":"functions"},"message":"[runtime-status] [3210] Resolved module firebase-functions {\"declared\":true,\"installed\":true,\"version\":\"3.13.1\",\"resolution\":\"/Users/sibilubaissa/webApplicationProject/amazon-clone/functions/node_modules/firebase-functions/lib/index.js\"}"}}
[debug] [2021-02-16T06:39:42.344Z] [runtime-status] [3210] Checked functions.config() {"config":{}} {"metadata":{"emulator":{"name":"functions"},"message":"[runtime-status] [3210] Checked functions.config() {\"config\":{}}"}}
[debug] [2021-02-16T06:39:42.344Z] [runtime-status] [3210] firebase-functions has been stubbed. {"functionsResolution":{"declared":true,"installed":true,"version":"3.13.1","resolution":"/Users/sibilubaissa/webApplicationProject/amazon-clone/functions/node_modules/firebase-functions/lib/index.js"}} {"metadata":{"emulator":{"name":"functions"},"message":"[runtime-status] [3210] firebase-functions has been stubbed. {\"functionsResolution\":{\"declared\":true,\"installed\":true,\"version\":\"3.13.1\",\"resolution\":\"/Users/sibilubaissa/webApplicationProject/amazon-clone/functions/node_modules/firebase-functions/lib/index.js\"}}"}}
[debug] [2021-02-16T06:39:42.345Z] [runtime-status] [3210] Resolved module firebase-functions {"declared":true,"installed":true,"version":"3.13.1","resolution":"/Users/sibilubaissa/webApplicationProject/amazon-clone/functions/node_modules/firebase-functions/lib/index.js"} {"metadata":{"emulator":{"name":"functions"},"message":"[runtime-status] [3210] Resolved module firebase-functions {\"declared\":true,\"installed\":true,\"version\":\"3.13.1\",\"resolution\":\"/Users/sibilubaissa/webApplicationProject/amazon-clone/functions/node_modules/firebase-functions/lib/index.js\"}"}}
[debug] [2021-02-16T06:39:42.346Z] [runtime-status] [3210] Resolved module firebase-admin {"declared":true,"installed":true,"version":"9.5.0","resolution":"/Users/sibilubaissa/webApplicationProject/amazon-clone/functions/node_modules/firebase-admin/lib/index.js"} {"metadata":{"emulator":{"name":"functions"},"message":"[runtime-status] [3210] Resolved module firebase-admin {\"declared\":true,\"installed\":true,\"version\":\"9.5.0\",\"resolution\":\"/Users/sibilubaissa/webApplicationProject/amazon-clone/functions/node_modules/firebase-admin/lib/index.js\"}"}}
[debug] [2021-02-16T06:39:42.346Z] [runtime-status] [3210] Resolved module firebase-functions {"declared":true,"installed":true,"version":"3.13.1","resolution":"/Users/sibilubaissa/webApplicationProject/amazon-clone/functions/node_modules/firebase-functions/lib/index.js"} {"metadata":{"emulator":{"name":"functions"},"message":"[runtime-status] [3210] Resolved module firebase-functions {\"declared\":true,\"installed\":true,\"version\":\"3.13.1\",\"resolution\":\"/Users/sibilubaissa/webApplicationProject/amazon-clone/functions/node_modules/firebase-functions/lib/index.js\"}"}}
[debug] [2021-02-16T06:39:42.346Z] [runtime-status] [3210] firebase-admin has been stubbed. {"adminResolution":{"declared":true,"installed":true,"version":"9.5.0","resolution":"/Users/sibilubaissa/webApplicationProject/amazon-clone/functions/node_modules/firebase-admin/lib/index.js"}} {"metadata":{"emulator":{"name":"functions"},"message":"[runtime-status] [3210] firebase-admin has been stubbed. {\"adminResolution\":{\"declared\":true,\"installed\":true,\"version\":\"9.5.0\",\"resolution\":\"/Users/sibilubaissa/webApplicationProject/amazon-clone/functions/node_modules/firebase-admin/lib/index.js\"}}"}}
[info] ✔  functions[api]: http function initialized (http://localhost:5001/challenge-d2771/us-central1/api). {"metadata":{"emulator":{"name":"functions"},"message":"\u001b[1mhttp\u001b[22m function initialized (http://localhost:5001/challenge-d2771/us-central1/api)."}}
[info] 
┌─────────────────────────────────────────────────────────────┐
│ ✔  All emulators ready! It is now safe to connect your app. │
│ i  View Emulator UI at http://localhost:4000                │
└─────────────────────────────────────────────────────────────┘

┌───────────┬────────────────┬─────────────────────────────────┐
│ Emulator  │ Host:Port      │ View in Emulator UI             │
├───────────┼────────────────┼─────────────────────────────────┤
│ Functions │ localhost:5001 │ http://localhost:4000/functions │
├───────────┼────────────────┼─────────────────────────────────┤
│ Hosting   │ localhost:5000 │ n/a                             │
└───────────┴────────────────┴─────────────────────────────────┘
  Emulator Hub running at localhost:4400
  Other reserved ports: 4500

Issues? Report them at https://github.com/firebase/firebase-tools/issues and attach the *-debug.log files.
 
[debug] [2021-02-16T06:39:42.538Z] [worker-~diagnostic~-df05507f-53ce-49b4-9535-0eeda5b19657]: IDLE {"metadata":{"emulator":{"name":"functions"},"message":"[worker-~diagnostic~-df05507f-53ce-49b4-9535-0eeda5b19657]: IDLE"}}
[debug] [2021-02-16T06:39:54.725Z] [work-queue] {"queueLength":1,"workRunningCount":0}
[debug] [2021-02-16T06:39:54.726Z] [work-queue] {"queueLength":0,"workRunningCount":1}
[debug] [2021-02-16T06:39:54.729Z] Accepted request POST /challenge-d2771/us-central1/api/payments/create?total=8997 --> api
[debug] [2021-02-16T06:39:54.739Z] [worker-pool] addWorker(api) {"metadata":{"emulator":{"name":"functions"},"message":"[worker-pool] addWorker(api)"}}
[debug] [2021-02-16T06:39:54.740Z] [worker-pool] Adding worker with key api, total=1 {"metadata":{"emulator":{"name":"functions"},"message":"[worker-pool] Adding worker with key api, total=1"}}
[debug] [2021-02-16T06:39:54.741Z] [worker-pool] submitWork(triggerId=api) {"metadata":{"emulator":{"name":"functions"},"message":"[worker-pool] submitWork(triggerId=api)"}}
[debug] [2021-02-16T06:39:54.741Z] [worker-api-c194c9bd-4b7c-420e-8777-0bbc22d3762b]: Assigning socketPath: /var/folders/yw/vl4bghv10bqdxkwlqwbfyhj00000gn/T/fire_emu_3222.sock {"metadata":{"emulator":{"name":"functions"},"message":"[worker-api-c194c9bd-4b7c-420e-8777-0bbc22d3762b]: Assigning socketPath: /var/folders/yw/vl4bghv10bqdxkwlqwbfyhj00000gn/T/fire_emu_3222.sock"}}
[debug] [2021-02-16T06:39:54.742Z] [worker-api-c194c9bd-4b7c-420e-8777-0bbc22d3762b]: BUSY {"metadata":{"emulator":{"name":"functions"},"message":"[worker-api-c194c9bd-4b7c-420e-8777-0bbc22d3762b]: BUSY"}}
[debug] [2021-02-16T06:39:55.032Z] [runtime-status] [3222] Functions runtime initialized. {"cwd":"/Users/sibilubaissa/webApplicationProject/amazon-clone/functions","node_version":"12.16.1"} {"metadata":{"emulator":{"name":"functions"},"function":{"name":"api"},"message":"[runtime-status] [3222] Functions runtime initialized. {\"cwd\":\"/Users/sibilubaissa/webApplicationProject/amazon-clone/functions\",\"node_version\":\"12.16.1\"}"}}
[debug] [2021-02-16T06:39:55.034Z] [runtime-status] [3222] Disabled runtime features: undefined {"metadata":{"emulator":{"name":"functions"},"function":{"name":"api"},"message":"[runtime-status] [3222] Disabled runtime features: undefined"}}
[debug] [2021-02-16T06:39:55.036Z] [runtime-status] [3222] Resolved module firebase-admin {"declared":true,"installed":true,"version":"9.5.0","resolution":"/Users/sibilubaissa/webApplicationProject/amazon-clone/functions/node_modules/firebase-admin/lib/index.js"} {"metadata":{"emulator":{"name":"functions"},"function":{"name":"api"},"message":"[runtime-status] [3222] Resolved module firebase-admin {\"declared\":true,\"installed\":true,\"version\":\"9.5.0\",\"resolution\":\"/Users/sibilubaissa/webApplicationProject/amazon-clone/functions/node_modules/firebase-admin/lib/index.js\"}"}}
[debug] [2021-02-16T06:39:55.041Z] [runtime-status] [3222] Resolved module firebase-functions {"declared":true,"installed":true,"version":"3.13.1","resolution":"/Users/sibilubaissa/webApplicationProject/amazon-clone/functions/node_modules/firebase-functions/lib/index.js"} {"metadata":{"emulator":{"name":"functions"},"function":{"name":"api"},"message":"[runtime-status] [3222] Resolved module firebase-functions {\"declared\":true,\"installed\":true,\"version\":\"3.13.1\",\"resolution\":\"/Users/sibilubaissa/webApplicationProject/amazon-clone/functions/node_modules/firebase-functions/lib/index.js\"}"}}
[debug] [2021-02-16T06:39:55.043Z] [runtime-status] [3222] Resolved module firebase-functions {"declared":true,"installed":true,"version":"3.13.1","resolution":"/Users/sibilubaissa/webApplicationProject/amazon-clone/functions/node_modules/firebase-functions/lib/index.js"} {"metadata":{"emulator":{"name":"functions"},"function":{"name":"api"},"message":"[runtime-status] [3222] Resolved module firebase-functions {\"declared\":true,\"installed\":true,\"version\":\"3.13.1\",\"resolution\":\"/Users/sibilubaissa/webApplicationProject/amazon-clone/functions/node_modules/firebase-functions/lib/index.js\"}"}}
[debug] [2021-02-16T06:39:55.045Z] [runtime-status] [3222] Outgoing network have been stubbed. [{"name":"http","status":"mocked"},{"name":"http","status":"mocked"},{"name":"https","status":"mocked"},{"name":"https","status":"mocked"},{"name":"net","status":"mocked"}] {"metadata":{"emulator":{"name":"functions"},"function":{"name":"api"},"message":"[runtime-status] [3222] Outgoing network have been stubbed. [{\"name\":\"http\",\"status\":\"mocked\"},{\"name\":\"http\",\"status\":\"mocked\"},{\"name\":\"https\",\"status\":\"mocked\"},{\"name\":\"https\",\"status\":\"mocked\"},{\"name\":\"net\",\"status\":\"mocked\"}]"}}
[debug] [2021-02-16T06:39:55.045Z] [runtime-status] [3222] Resolved module firebase-functions {"declared":true,"installed":true,"version":"3.13.1","resolution":"/Users/sibilubaissa/webApplicationProject/amazon-clone/functions/node_modules/firebase-functions/lib/index.js"} {"metadata":{"emulator":{"name":"functions"},"function":{"name":"api"},"message":"[runtime-status] [3222] Resolved module firebase-functions {\"declared\":true,\"installed\":true,\"version\":\"3.13.1\",\"resolution\":\"/Users/sibilubaissa/webApplicationProject/amazon-clone/functions/node_modules/firebase-functions/lib/index.js\"}"}}
[debug] [2021-02-16T06:39:55.118Z] [runtime-status] [3222] Checked functions.config() {"config":{}} {"metadata":{"emulator":{"name":"functions"},"function":{"name":"api"},"message":"[runtime-status] [3222] Checked functions.config() {\"config\":{}}"}}
[debug] [2021-02-16T06:39:55.119Z] [runtime-status] [3222] firebase-functions has been stubbed. {"functionsResolution":{"declared":true,"installed":true,"version":"3.13.1","resolution":"/Users/sibilubaissa/webApplicationProject/amazon-clone/functions/node_modules/firebase-functions/lib/index.js"}} {"metadata":{"emulator":{"name":"functions"},"function":{"name":"api"},"message":"[runtime-status] [3222] firebase-functions has been stubbed. {\"functionsResolution\":{\"declared\":true,\"installed\":true,\"version\":\"3.13.1\",\"resolution\":\"/Users/sibilubaissa/webApplicationProject/amazon-clone/functions/node_modules/firebase-functions/lib/index.js\"}}"}}
[debug] [2021-02-16T06:39:55.119Z] [runtime-status] [3222] Resolved module firebase-functions {"declared":true,"installed":true,"version":"3.13.1","resolution":"/Users/sibilubaissa/webApplicationProject/amazon-clone/functions/node_modules/firebase-functions/lib/index.js"} {"metadata":{"emulator":{"name":"functions"},"function":{"name":"api"},"message":"[runtime-status] [3222] Resolved module firebase-functions {\"declared\":true,\"installed\":true,\"version\":\"3.13.1\",\"resolution\":\"/Users/sibilubaissa/webApplicationProject/amazon-clone/functions/node_modules/firebase-functions/lib/index.js\"}"}}
[debug] [2021-02-16T06:39:55.120Z] [runtime-status] [3222] Resolved module firebase-admin {"declared":true,"installed":true,"version":"9.5.0","resolution":"/Users/sibilubaissa/webApplicationProject/amazon-clone/functions/node_modules/firebase-admin/lib/index.js"} {"metadata":{"emulator":{"name":"functions"},"function":{"name":"api"},"message":"[runtime-status] [3222] Resolved module firebase-admin {\"declared\":true,\"installed\":true,\"version\":\"9.5.0\",\"resolution\":\"/Users/sibilubaissa/webApplicationProject/amazon-clone/functions/node_modules/firebase-admin/lib/index.js\"}"}}
[debug] [2021-02-16T06:39:55.121Z] [runtime-status] [3222] Resolved module firebase-functions {"declared":true,"installed":true,"version":"3.13.1","resolution":"/Users/sibilubaissa/webApplicationProject/amazon-clone/functions/node_modules/firebase-functions/lib/index.js"} {"metadata":{"emulator":{"name":"functions"},"function":{"name":"api"},"message":"[runtime-status] [3222] Resolved module firebase-functions {\"declared\":true,\"installed\":true,\"version\":\"3.13.1\",\"resolution\":\"/Users/sibilubaissa/webApplicationProject/amazon-clone/functions/node_modules/firebase-functions/lib/index.js\"}"}}
[debug] [2021-02-16T06:39:55.122Z] [runtime-status] [3222] firebase-admin has been stubbed. {"adminResolution":{"declared":true,"installed":true,"version":"9.5.0","resolution":"/Users/sibilubaissa/webApplicationProject/amazon-clone/functions/node_modules/firebase-admin/lib/index.js"}} {"metadata":{"emulator":{"name":"functions"},"function":{"name":"api"},"message":"[runtime-status] [3222] firebase-admin has been stubbed. {\"adminResolution\":{\"declared\":true,\"installed\":true,\"version\":\"9.5.0\",\"resolution\":\"/Users/sibilubaissa/webApplicationProject/amazon-clone/functions/node_modules/firebase-admin/lib/index.js\"}}"}}
[debug] [2021-02-16T06:39:55.347Z] [runtime-status] [3222] Trigger "api" has been found, beginning invocation! {"metadata":{"emulator":{"name":"functions"},"function":{"name":"api"},"message":"[runtime-status] [3222] Trigger \"api\" has been found, beginning invocation!"}}
[info] i  functions: Beginning execution of "api" {"metadata":{"emulator":{"name":"functions"},"function":{"name":"api"},"message":"Beginning execution of \"api\""}}
[debug] [2021-02-16T06:39:55.349Z] [runtime-status] [3222] triggerDefinition {"httpsTrigger":{},"name":"api","entryPoint":"api"} {"metadata":{"emulator":{"name":"functions"},"function":{"name":"api"},"message":"[runtime-status] [3222] triggerDefinition {\"httpsTrigger\":{},\"name\":\"api\",\"entryPoint\":\"api\"}"}}
[debug] [2021-02-16T06:39:55.349Z] [runtime-status] [3222] Running api in mode HTTPS {"metadata":{"emulator":{"name":"functions"},"function":{"name":"api"},"message":"[runtime-status] [3222] Running api in mode HTTPS"}}
[debug] [2021-02-16T06:39:55.353Z] [runtime-status] [3222] Attempting to listen to socketPath: /var/folders/yw/vl4bghv10bqdxkwlqwbfyhj00000gn/T/fire_emu_3222.sock {"metadata":{"emulator":{"name":"functions"},"function":{"name":"api"},"message":"[runtime-status] [3222] Attempting to listen to socketPath: /var/folders/yw/vl4bghv10bqdxkwlqwbfyhj00000gn/T/fire_emu_3222.sock"}}
[debug] [2021-02-16T06:39:55.357Z] [functions] Runtime ready! Sending request! {"metadata":{"emulator":{"name":"functions"},"message":"[functions] Runtime ready! Sending request!"}}
[debug] [2021-02-16T06:39:55.361Z] [functions] Got req.url=/challenge-d2771/us-central1/api/payments/create?total=8997, mapping to path=/payments/create?total=8997 {"metadata":{"emulator":{"name":"functions"},"message":"[functions] Got req.url=/challenge-d2771/us-central1/api/payments/create?total=8997, mapping to path=/payments/create?total=8997"}}
[debug] [2021-02-16T06:39:55.372Z] [runtime-status] [3222] Ephemeral server handling POST request {"metadata":{"emulator":{"name":"functions"},"function":{"name":"api"},"message":"[runtime-status] [3222] Ephemeral server handling POST request"}}
[info] >  Payment Request Received BOOM!!! for this amount >>> 8997 {"user":"Payment Request Received BOOM!!! for this amount >>> 8997","metadata":{"emulator":{"name":"functions"},"function":{"name":"api"},"message":"\u001b[90m> \u001b[39m Payment Request Received BOOM!!! for this amount >>> 8997"}}
[debug] [2021-02-16T06:39:55.388Z] [runtime-status] [3222] Ephemeral server survived. {"metadata":{"emulator":{"name":"functions"},"function":{"name":"api"},"message":"[runtime-status] [3222] Ephemeral server survived."}}
[info] i  functions: Finished "api" in ~1s {"metadata":{"emulator":{"name":"functions"},"function":{"name":"api"},"message":"Finished \"api\" in ~1s"}}
[debug] [2021-02-16T06:39:55.883Z] [worker-api-c194c9bd-4b7c-420e-8777-0bbc22d3762b]: IDLE {"metadata":{"emulator":{"name":"functions"},"message":"[worker-api-c194c9bd-4b7c-420e-8777-0bbc22d3762b]: IDLE"}}
[debug] [2021-02-16T06:39:55.883Z] [work-queue] {"queueLength":0,"workRunningCount":0}
[debug] [2021-02-16T06:40:20.899Z] [work-queue] {"queueLength":1,"workRunningCount":0}
[debug] [2021-02-16T06:40:20.899Z] [work-queue] {"queueLength":0,"workRunningCount":1}
[debug] [2021-02-16T06:40:20.899Z] Accepted request POST /challenge-d2771/us-central1/api/payments/create?total=0 --> api
[debug] [2021-02-16T06:40:20.900Z] [worker-pool] submitWork(triggerId=api) {"metadata":{"emulator":{"name":"functions"},"message":"[worker-pool] submitWork(triggerId=api)"}}
[debug] [2021-02-16T06:40:20.900Z] [worker-api-c194c9bd-4b7c-420e-8777-0bbc22d3762b]: Assigning socketPath: /var/folders/yw/vl4bghv10bqdxkwlqwbfyhj00000gn/T/fire_emu_3222.sock {"metadata":{"emulator":{"name":"functions"},"message":"[worker-api-c194c9bd-4b7c-420e-8777-0bbc22d3762b]: Assigning socketPath: /var/folders/yw/vl4bghv10bqdxkwlqwbfyhj00000gn/T/fire_emu_3222.sock"}}
[debug] [2021-02-16T06:40:20.900Z] [worker-api-c194c9bd-4b7c-420e-8777-0bbc22d3762b]: BUSY {"metadata":{"emulator":{"name":"functions"},"message":"[worker-api-c194c9bd-4b7c-420e-8777-0bbc22d3762b]: BUSY"}}
[debug] [2021-02-16T06:40:20.901Z] [runtime-status] [3222] Trigger "api" has been found, beginning invocation! {"metadata":{"emulator":{"name":"functions"},"function":{"name":"api"},"message":"[runtime-status] [3222] Trigger \"api\" has been found, beginning invocation!"}}
[info] i  functions: Beginning execution of "api" {"metadata":{"emulator":{"name":"functions"},"function":{"name":"api"},"message":"Beginning execution of \"api\""}}
[debug] [2021-02-16T06:40:20.902Z] [runtime-status] [3222] triggerDefinition {"httpsTrigger":{},"name":"api","entryPoint":"api"} {"metadata":{"emulator":{"name":"functions"},"function":{"name":"api"},"message":"[runtime-status] [3222] triggerDefinition {\"httpsTrigger\":{},\"name\":\"api\",\"entryPoint\":\"api\"}"}}
[debug] [2021-02-16T06:40:20.903Z] [runtime-status] [3222] Running api in mode HTTPS {"metadata":{"emulator":{"name":"functions"},"function":{"name":"api"},"message":"[runtime-status] [3222] Running api in mode HTTPS"}}
[debug] [2021-02-16T06:40:20.903Z] [runtime-status] [3222] Attempting to listen to socketPath: /var/folders/yw/vl4bghv10bqdxkwlqwbfyhj00000gn/T/fire_emu_3222.sock {"metadata":{"emulator":{"name":"functions"},"function":{"name":"api"},"message":"[runtime-status] [3222] Attempting to listen to socketPath: /var/folders/yw/vl4bghv10bqdxkwlqwbfyhj00000gn/T/fire_emu_3222.sock"}}
[debug] [2021-02-16T06:40:20.905Z] [functions] Runtime ready! Sending request! {"metadata":{"emulator":{"name":"functions"},"message":"[functions] Runtime ready! Sending request!"}}
[debug] [2021-02-16T06:40:20.905Z] [functions] Got req.url=/challenge-d2771/us-central1/api/payments/create?total=0, mapping to path=/payments/create?total=0 {"metadata":{"emulator":{"name":"functions"},"message":"[functions] Got req.url=/challenge-d2771/us-central1/api/payments/create?total=0, mapping to path=/payments/create?total=0"}}
[debug] [2021-02-16T06:40:20.913Z] [runtime-status] [3222] Ephemeral server handling POST request {"metadata":{"emulator":{"name":"functions"},"function":{"name":"api"},"message":"[runtime-status] [3222] Ephemeral server handling POST request"}}
[info] >  Payment Request Received BOOM!!! for this amount >>> 0 {"user":"Payment Request Received BOOM!!! for this amount >>> 0","metadata":{"emulator":{"name":"functions"},"function":{"name":"api"},"message":"\u001b[90m> \u001b[39m Payment Request Received BOOM!!! for this amount >>> 0"}}
[debug] [2021-02-16T06:40:20.915Z] [runtime-status] [3222] Ephemeral server survived. {"metadata":{"emulator":{"name":"functions"},"function":{"name":"api"},"message":"[runtime-status] [3222] Ephemeral server survived."}}
[info] >  (node:3222) UnhandledPromiseRejectionWarning: Error: This value must be greater than or equal to 1. {"user":"(node:3222) UnhandledPromiseRejectionWarning: Error: This value must be greater than or equal to 1.","metadata":{"emulator":{"name":"functions"},"function":{"name":"api"},"message":"\u001b[90m> \u001b[39m (node:3222) UnhandledPromiseRejectionWarning: Error: This value must be greater than or equal to 1."}}
[info] >      at Function.generate (/Users/sibilubaissa/webApplicationProject/amazon-clone/functions/node_modules/stripe/lib/Error.js:40:16) {"user":"    at Function.generate (/Users/sibilubaissa/webApplicationProject/amazon-clone/functions/node_modules/stripe/lib/Error.js:40:16)","metadata":{"emulator":{"name":"functions"},"function":{"name":"api"},"message":"\u001b[90m> \u001b[39m     at Function.generate (/Users/sibilubaissa/webApplicationProject/amazon-clone/functions/node_modules/stripe/lib/Error.js:40:16)"}}
[info] >      at IncomingMessage.<anonymous> (/Users/sibilubaissa/webApplicationProject/amazon-clone/functions/node_modules/stripe/lib/StripeResource.js:180:33) {"user":"    at IncomingMessage.<anonymous> (/Users/sibilubaissa/webApplicationProject/amazon-clone/functions/node_modules/stripe/lib/StripeResource.js:180:33)","metadata":{"emulator":{"name":"functions"},"function":{"name":"api"},"message":"\u001b[90m> \u001b[39m     at IncomingMessage.<anonymous> (/Users/sibilubaissa/webApplicationProject/amazon-clone/functions/node_modules/stripe/lib/StripeResource.js:180:33)"}}
[info] >      at Object.onceWrapper (events.js:417:28) {"user":"    at Object.onceWrapper (events.js:417:28)","metadata":{"emulator":{"name":"functions"},"function":{"name":"api"},"message":"\u001b[90m> \u001b[39m     at Object.onceWrapper (events.js:417:28)"}}
[info] >      at IncomingMessage.emit (events.js:323:22) {"user":"    at IncomingMessage.emit (events.js:323:22)","metadata":{"emulator":{"name":"functions"},"function":{"name":"api"},"message":"\u001b[90m> \u001b[39m     at IncomingMessage.emit (events.js:323:22)"}}
[info] >      at endReadableNT (_stream_readable.js:1204:12) {"user":"    at endReadableNT (_stream_readable.js:1204:12)","metadata":{"emulator":{"name":"functions"},"function":{"name":"api"},"message":"\u001b[90m> \u001b[39m     at endReadableNT (_stream_readable.js:1204:12)"}}
[info] >      at processTicksAndRejections (internal/process/task_queues.js:84:21) {"user":"    at processTicksAndRejections (internal/process/task_queues.js:84:21)","metadata":{"emulator":{"name":"functions"},"function":{"name":"api"},"message":"\u001b[90m> \u001b[39m     at processTicksAndRejections (internal/process/task_queues.js:84:21)"}}
[info] >  (node:3222) UnhandledPromiseRejectionWarning: Unhandled promise rejection. This error originated either by throwing inside of an async function without a catch block, or by rejecting a promise which was not handled with .catch(). To terminate the node process on unhandled promise rejection, use the CLI flag `--unhandled-rejections=strict` (see https://nodejs.org/api/cli.html#cli_unhandled_rejections_mode). (rejection id: 1) {"user":"(node:3222) UnhandledPromiseRejectionWarning: Unhandled promise rejection. This error originated either by throwing inside of an async function without a catch block, or by rejecting a promise which was not handled with .catch(). To terminate the node process on unhandled promise rejection, use the CLI flag `--unhandled-rejections=strict` (see https://nodejs.org/api/cli.html#cli_unhandled_rejections_mode). (rejection id: 1)","metadata":{"emulator":{"name":"functions"},"function":{"name":"api"},"message":"\u001b[90m> \u001b[39m (node:3222) UnhandledPromiseRejectionWarning: Unhandled promise rejection. This error originated either by throwing inside of an async function without a catch block, or by rejecting a promise which was not handled with .catch(). To terminate the node process on unhandled promise rejection, use the CLI flag `--unhandled-rejections=strict` (see https://nodejs.org/api/cli.html#cli_unhandled_rejections_mode). (rejection id: 1)"}}
[info] >  (node:3222) [DEP0018] DeprecationWarning: Unhandled promise rejections are deprecated. In the future, promise rejections that are not handled will terminate the Node.js process with a non-zero exit code. {"user":"(node:3222) [DEP0018] DeprecationWarning: Unhandled promise rejections are deprecated. In the future, promise rejections that are not handled will terminate the Node.js process with a non-zero exit code.","metadata":{"emulator":{"name":"functions"},"function":{"name":"api"},"message":"\u001b[90m> \u001b[39m (node:3222) [DEP0018] DeprecationWarning: Unhandled promise rejections are deprecated. In the future, promise rejections that are not handled will terminate the Node.js process with a non-zero exit code."}}
[warn] ⚠  functions: Your function timed out after ~60s. To configure this timeout, see
      https://firebase.google.com/docs/functions/manage-functions#set_timeout_and_memory_allocation. {"metadata":{"emulator":{"name":"functions"},"function":{"name":"api"},"message":"Your function timed out after ~60s. To configure this timeout, see\n      https://firebase.google.com/docs/functions/manage-functions#set_timeout_and_memory_allocation."}}
[info] >  /usr/local/lib/node_modules/firebase-tools/lib/emulator/functionsEmulatorRuntime.js:640 {"user":"/usr/local/lib/node_modules/firebase-tools/lib/emulator/functionsEmulatorRuntime.js:640","metadata":{"emulator":{"name":"functions"},"function":{"name":"api"},"message":"\u001b[90m> \u001b[39m /usr/local/lib/node_modules/firebase-tools/lib/emulator/functionsEmulatorRuntime.js:640"}}
[info] >              throw new Error("Function timed out."); {"user":"            throw new Error(\"Function timed out.\");","metadata":{"emulator":{"name":"functions"},"function":{"name":"api"},"message":"\u001b[90m> \u001b[39m             throw new Error(\"Function timed out.\");"}}
[info] >              ^ {"user":"            ^","metadata":{"emulator":{"name":"functions"},"function":{"name":"api"},"message":"\u001b[90m> \u001b[39m             ^"}}
[info] >   {"user":"","metadata":{"emulator":{"name":"functions"},"function":{"name":"api"},"message":"\u001b[90m> \u001b[39m "}}
[info] >  Error: Function timed out. {"user":"Error: Function timed out.","metadata":{"emulator":{"name":"functions"},"function":{"name":"api"},"message":"\u001b[90m> \u001b[39m Error: Function timed out."}}
[info] >      at Timeout._onTimeout (/usr/local/lib/node_modules/firebase-tools/lib/emulator/functionsEmulatorRuntime.js:640:19) {"user":"    at Timeout._onTimeout (/usr/local/lib/node_modules/firebase-tools/lib/emulator/functionsEmulatorRuntime.js:640:19)","metadata":{"emulator":{"name":"functions"},"function":{"name":"api"},"message":"\u001b[90m> \u001b[39m     at Timeout._onTimeout (/usr/local/lib/node_modules/firebase-tools/lib/emulator/functionsEmulatorRuntime.js:640:19)"}}
[info] >      at listOnTimeout (internal/timers.js:549:17) {"user":"    at listOnTimeout (internal/timers.js:549:17)","metadata":{"emulator":{"name":"functions"},"function":{"name":"api"},"message":"\u001b[90m> \u001b[39m     at listOnTimeout (internal/timers.js:549:17)"}}
[info] >      at processTimers (internal/timers.js:492:7) {"user":"    at processTimers (internal/timers.js:492:7)","metadata":{"emulator":{"name":"functions"},"function":{"name":"api"},"message":"\u001b[90m> \u001b[39m     at processTimers (internal/timers.js:492:7)"}}
[debug] [2021-02-16T06:41:20.934Z] [worker-api-c194c9bd-4b7c-420e-8777-0bbc22d3762b]: exited {"metadata":{"emulator":{"name":"functions"},"message":"[worker-api-c194c9bd-4b7c-420e-8777-0bbc22d3762b]: exited"}}
[debug] [2021-02-16T06:41:20.935Z] [worker-api-c194c9bd-4b7c-420e-8777-0bbc22d3762b]: FINISHED {"metadata":{"emulator":{"name":"functions"},"message":"[worker-api-c194c9bd-4b7c-420e-8777-0bbc22d3762b]: FINISHED"}}
[debug] [2021-02-16T06:41:20.935Z] [work-queue] {"queueLength":0,"workRunningCount":0}
[debug] [2021-02-16T06:48:38.408Z] [work-queue] {"queueLength":1,"workRunningCount":0}
[debug] [2021-02-16T06:48:38.408Z] [work-queue] {"queueLength":0,"workRunningCount":1}
[debug] [2021-02-16T06:48:38.409Z] Accepted request POST /challenge-d2771/us-central1/api/payments/create?total=0 --> api
[debug] [2021-02-16T06:48:38.409Z] [worker-pool] Cleaned up workers for api: 1 --> 0 {"metadata":{"emulator":{"name":"functions"},"message":"[worker-pool] Cleaned up workers for api: 1 --> 0"}}
[debug] [2021-02-16T06:48:38.419Z] [worker-pool] addWorker(api) {"metadata":{"emulator":{"name":"functions"},"message":"[worker-pool] addWorker(api)"}}
[debug] [2021-02-16T06:48:38.420Z] [worker-pool] Adding worker with key api, total=1 {"metadata":{"emulator":{"name":"functions"},"message":"[worker-pool] Adding worker with key api, total=1"}}
[debug] [2021-02-16T06:48:38.421Z] [worker-pool] submitWork(triggerId=api) {"metadata":{"emulator":{"name":"functions"},"message":"[worker-pool] submitWork(triggerId=api)"}}
[debug] [2021-02-16T06:48:38.421Z] [worker-api-fa8280f4-fa3c-467c-bd3a-1ec37b13a5e7]: Assigning socketPath: /var/folders/yw/vl4bghv10bqdxkwlqwbfyhj00000gn/T/fire_emu_3314.sock {"metadata":{"emulator":{"name":"functions"},"message":"[worker-api-fa8280f4-fa3c-467c-bd3a-1ec37b13a5e7]: Assigning socketPath: /var/folders/yw/vl4bghv10bqdxkwlqwbfyhj00000gn/T/fire_emu_3314.sock"}}
[debug] [2021-02-16T06:48:38.422Z] [worker-api-fa8280f4-fa3c-467c-bd3a-1ec37b13a5e7]: BUSY {"metadata":{"emulator":{"name":"functions"},"message":"[worker-api-fa8280f4-fa3c-467c-bd3a-1ec37b13a5e7]: BUSY"}}
[debug] [2021-02-16T06:48:38.723Z] [runtime-status] [3314] Functions runtime initialized. {"cwd":"/Users/sibilubaissa/webApplicationProject/amazon-clone/functions","node_version":"12.16.1"} {"metadata":{"emulator":{"name":"functions"},"function":{"name":"api"},"message":"[runtime-status] [3314] Functions runtime initialized. {\"cwd\":\"/Users/sibilubaissa/webApplicationProject/amazon-clone/functions\",\"node_version\":\"12.16.1\"}"}}
[debug] [2021-02-16T06:48:38.725Z] [runtime-status] [3314] Disabled runtime features: undefined {"metadata":{"emulator":{"name":"functions"},"function":{"name":"api"},"message":"[runtime-status] [3314] Disabled runtime features: undefined"}}
[debug] [2021-02-16T06:48:38.729Z] [runtime-status] [3314] Resolved module firebase-admin {"declared":true,"installed":true,"version":"9.5.0","resolution":"/Users/sibilubaissa/webApplicationProject/amazon-clone/functions/node_modules/firebase-admin/lib/index.js"} {"metadata":{"emulator":{"name":"functions"},"function":{"name":"api"},"message":"[runtime-status] [3314] Resolved module firebase-admin {\"declared\":true,\"installed\":true,\"version\":\"9.5.0\",\"resolution\":\"/Users/sibilubaissa/webApplicationProject/amazon-clone/functions/node_modules/firebase-admin/lib/index.js\"}"}}
[debug] [2021-02-16T06:48:38.736Z] [runtime-status] [3314] Resolved module firebase-functions {"declared":true,"installed":true,"version":"3.13.1","resolution":"/Users/sibilubaissa/webApplicationProject/amazon-clone/functions/node_modules/firebase-functions/lib/index.js"} {"metadata":{"emulator":{"name":"functions"},"function":{"name":"api"},"message":"[runtime-status] [3314] Resolved module firebase-functions {\"declared\":true,\"installed\":true,\"version\":\"3.13.1\",\"resolution\":\"/Users/sibilubaissa/webApplicationProject/amazon-clone/functions/node_modules/firebase-functions/lib/index.js\"}"}}
[debug] [2021-02-16T06:48:38.737Z] [runtime-status] [3314] Resolved module firebase-functions {"declared":true,"installed":true,"version":"3.13.1","resolution":"/Users/sibilubaissa/webApplicationProject/amazon-clone/functions/node_modules/firebase-functions/lib/index.js"} {"metadata":{"emulator":{"name":"functions"},"function":{"name":"api"},"message":"[runtime-status] [3314] Resolved module firebase-functions {\"declared\":true,\"installed\":true,\"version\":\"3.13.1\",\"resolution\":\"/Users/sibilubaissa/webApplicationProject/amazon-clone/functions/node_modules/firebase-functions/lib/index.js\"}"}}
[debug] [2021-02-16T06:48:38.741Z] [runtime-status] [3314] Outgoing network have been stubbed. [{"name":"http","status":"mocked"},{"name":"http","status":"mocked"},{"name":"https","status":"mocked"},{"name":"https","status":"mocked"},{"name":"net","status":"mocked"}] {"metadata":{"emulator":{"name":"functions"},"function":{"name":"api"},"message":"[runtime-status] [3314] Outgoing network have been stubbed. [{\"name\":\"http\",\"status\":\"mocked\"},{\"name\":\"http\",\"status\":\"mocked\"},{\"name\":\"https\",\"status\":\"mocked\"},{\"name\":\"https\",\"status\":\"mocked\"},{\"name\":\"net\",\"status\":\"mocked\"}]"}}
[debug] [2021-02-16T06:48:38.742Z] [runtime-status] [3314] Resolved module firebase-functions {"declared":true,"installed":true,"version":"3.13.1","resolution":"/Users/sibilubaissa/webApplicationProject/amazon-clone/functions/node_modules/firebase-functions/lib/index.js"} {"metadata":{"emulator":{"name":"functions"},"function":{"name":"api"},"message":"[runtime-status] [3314] Resolved module firebase-functions {\"declared\":true,\"installed\":true,\"version\":\"3.13.1\",\"resolution\":\"/Users/sibilubaissa/webApplicationProject/amazon-clone/functions/node_modules/firebase-functions/lib/index.js\"}"}}
[debug] [2021-02-16T06:48:38.812Z] [runtime-status] [3314] Checked functions.config() {"config":{}} {"metadata":{"emulator":{"name":"functions"},"function":{"name":"api"},"message":"[runtime-status] [3314] Checked functions.config() {\"config\":{}}"}}
[debug] [2021-02-16T06:48:38.813Z] [runtime-status] [3314] firebase-functions has been stubbed. {"functionsResolution":{"declared":true,"installed":true,"version":"3.13.1","resolution":"/Users/sibilubaissa/webApplicationProject/amazon-clone/functions/node_modules/firebase-functions/lib/index.js"}} {"metadata":{"emulator":{"name":"functions"},"function":{"name":"api"},"message":"[runtime-status] [3314] firebase-functions has been stubbed. {\"functionsResolution\":{\"declared\":true,\"installed\":true,\"version\":\"3.13.1\",\"resolution\":\"/Users/sibilubaissa/webApplicationProject/amazon-clone/functions/node_modules/firebase-functions/lib/index.js\"}}"}}
[debug] [2021-02-16T06:48:38.813Z] [runtime-status] [3314] Resolved module firebase-functions {"declared":true,"installed":true,"version":"3.13.1","resolution":"/Users/sibilubaissa/webApplicationProject/amazon-clone/functions/node_modules/firebase-functions/lib/index.js"} {"metadata":{"emulator":{"name":"functions"},"function":{"name":"api"},"message":"[runtime-status] [3314] Resolved module firebase-functions {\"declared\":true,\"installed\":true,\"version\":\"3.13.1\",\"resolution\":\"/Users/sibilubaissa/webApplicationProject/amazon-clone/functions/node_modules/firebase-functions/lib/index.js\"}"}}
[debug] [2021-02-16T06:48:38.814Z] [runtime-status] [3314] Resolved module firebase-admin {"declared":true,"installed":true,"version":"9.5.0","resolution":"/Users/sibilubaissa/webApplicationProject/amazon-clone/functions/node_modules/firebase-admin/lib/index.js"} {"metadata":{"emulator":{"name":"functions"},"function":{"name":"api"},"message":"[runtime-status] [3314] Resolved module firebase-admin {\"declared\":true,\"installed\":true,\"version\":\"9.5.0\",\"resolution\":\"/Users/sibilubaissa/webApplicationProject/amazon-clone/functions/node_modules/firebase-admin/lib/index.js\"}"}}
[debug] [2021-02-16T06:48:38.817Z] [runtime-status] [3314] Resolved module firebase-functions {"declared":true,"installed":true,"version":"3.13.1","resolution":"/Users/sibilubaissa/webApplicationProject/amazon-clone/functions/node_modules/firebase-functions/lib/index.js"} {"metadata":{"emulator":{"name":"functions"},"function":{"name":"api"},"message":"[runtime-status] [3314] Resolved module firebase-functions {\"declared\":true,\"installed\":true,\"version\":\"3.13.1\",\"resolution\":\"/Users/sibilubaissa/webApplicationProject/amazon-clone/functions/node_modules/firebase-functions/lib/index.js\"}"}}
[debug] [2021-02-16T06:48:38.818Z] [runtime-status] [3314] firebase-admin has been stubbed. {"adminResolution":{"declared":true,"installed":true,"version":"9.5.0","resolution":"/Users/sibilubaissa/webApplicationProject/amazon-clone/functions/node_modules/firebase-admin/lib/index.js"}} {"metadata":{"emulator":{"name":"functions"},"function":{"name":"api"},"message":"[runtime-status] [3314] firebase-admin has been stubbed. {\"adminResolution\":{\"declared\":true,\"installed\":true,\"version\":\"9.5.0\",\"resolution\":\"/Users/sibilubaissa/webApplicationProject/amazon-clone/functions/node_modules/firebase-admin/lib/index.js\"}}"}}
[debug] [2021-02-16T06:48:39.038Z] [runtime-status] [3314] Trigger "api" has been found, beginning invocation! {"metadata":{"emulator":{"name":"functions"},"function":{"name":"api"},"message":"[runtime-status] [3314] Trigger \"api\" has been found, beginning invocation!"}}
[info] i  functions: Beginning execution of "api" {"metadata":{"emulator":{"name":"functions"},"function":{"name":"api"},"message":"Beginning execution of \"api\""}}
[debug] [2021-02-16T06:48:39.040Z] [runtime-status] [3314] triggerDefinition {"httpsTrigger":{},"name":"api","entryPoint":"api"} {"metadata":{"emulator":{"name":"functions"},"function":{"name":"api"},"message":"[runtime-status] [3314] triggerDefinition {\"httpsTrigger\":{},\"name\":\"api\",\"entryPoint\":\"api\"}"}}
[debug] [2021-02-16T06:48:39.040Z] [runtime-status] [3314] Running api in mode HTTPS {"metadata":{"emulator":{"name":"functions"},"function":{"name":"api"},"message":"[runtime-status] [3314] Running api in mode HTTPS"}}
[debug] [2021-02-16T06:48:39.044Z] [runtime-status] [3314] Attempting to listen to socketPath: /var/folders/yw/vl4bghv10bqdxkwlqwbfyhj00000gn/T/fire_emu_3314.sock {"metadata":{"emulator":{"name":"functions"},"function":{"name":"api"},"message":"[runtime-status] [3314] Attempting to listen to socketPath: /var/folders/yw/vl4bghv10bqdxkwlqwbfyhj00000gn/T/fire_emu_3314.sock"}}
[debug] [2021-02-16T06:48:39.050Z] [functions] Runtime ready! Sending request! {"metadata":{"emulator":{"name":"functions"},"message":"[functions] Runtime ready! Sending request!"}}
[debug] [2021-02-16T06:48:39.050Z] [functions] Got req.url=/challenge-d2771/us-central1/api/payments/create?total=0, mapping to path=/payments/create?total=0 {"metadata":{"emulator":{"name":"functions"},"message":"[functions] Got req.url=/challenge-d2771/us-central1/api/payments/create?total=0, mapping to path=/payments/create?total=0"}}
[debug] [2021-02-16T06:48:39.065Z] [runtime-status] [3314] Ephemeral server handling POST request {"metadata":{"emulator":{"name":"functions"},"function":{"name":"api"},"message":"[runtime-status] [3314] Ephemeral server handling POST request"}}
[info] >  Payment Request Received BOOM!!! for this amount >>> 0 {"user":"Payment Request Received BOOM!!! for this amount >>> 0","metadata":{"emulator":{"name":"functions"},"function":{"name":"api"},"message":"\u001b[90m> \u001b[39m Payment Request Received BOOM!!! for this amount >>> 0"}}
[debug] [2021-02-16T06:48:39.089Z] [runtime-status] [3314] Ephemeral server survived. {"metadata":{"emulator":{"name":"functions"},"function":{"name":"api"},"message":"[runtime-status] [3314] Ephemeral server survived."}}
[info] >  (node:3314) UnhandledPromiseRejectionWarning: Error: This value must be greater than or equal to 1. {"user":"(node:3314) UnhandledPromiseRejectionWarning: Error: This value must be greater than or equal to 1.","metadata":{"emulator":{"name":"functions"},"function":{"name":"api"},"message":"\u001b[90m> \u001b[39m (node:3314) UnhandledPromiseRejectionWarning: Error: This value must be greater than or equal to 1."}}
[info] >      at Function.generate (/Users/sibilubaissa/webApplicationProject/amazon-clone/functions/node_modules/stripe/lib/Error.js:40:16) {"user":"    at Function.generate (/Users/sibilubaissa/webApplicationProject/amazon-clone/functions/node_modules/stripe/lib/Error.js:40:16)","metadata":{"emulator":{"name":"functions"},"function":{"name":"api"},"message":"\u001b[90m> \u001b[39m     at Function.generate (/Users/sibilubaissa/webApplicationProject/amazon-clone/functions/node_modules/stripe/lib/Error.js:40:16)"}}
[info] >      at IncomingMessage.<anonymous> (/Users/sibilubaissa/webApplicationProject/amazon-clone/functions/node_modules/stripe/lib/StripeResource.js:180:33) {"user":"    at IncomingMessage.<anonymous> (/Users/sibilubaissa/webApplicationProject/amazon-clone/functions/node_modules/stripe/lib/StripeResource.js:180:33)","metadata":{"emulator":{"name":"functions"},"function":{"name":"api"},"message":"\u001b[90m> \u001b[39m     at IncomingMessage.<anonymous> (/Users/sibilubaissa/webApplicationProject/amazon-clone/functions/node_modules/stripe/lib/StripeResource.js:180:33)"}}
[info] >      at Object.onceWrapper (events.js:417:28) {"user":"    at Object.onceWrapper (events.js:417:28)","metadata":{"emulator":{"name":"functions"},"function":{"name":"api"},"message":"\u001b[90m> \u001b[39m     at Object.onceWrapper (events.js:417:28)"}}
[info] >      at IncomingMessage.emit (events.js:323:22) {"user":"    at IncomingMessage.emit (events.js:323:22)","metadata":{"emulator":{"name":"functions"},"function":{"name":"api"},"message":"\u001b[90m> \u001b[39m     at IncomingMessage.emit (events.js:323:22)"}}
[info] >      at endReadableNT (_stream_readable.js:1204:12) {"user":"    at endReadableNT (_stream_readable.js:1204:12)","metadata":{"emulator":{"name":"functions"},"function":{"name":"api"},"message":"\u001b[90m> \u001b[39m     at endReadableNT (_stream_readable.js:1204:12)"}}
[info] >      at processTicksAndRejections (internal/process/task_queues.js:84:21) {"user":"    at processTicksAndRejections (internal/process/task_queues.js:84:21)","metadata":{"emulator":{"name":"functions"},"function":{"name":"api"},"message":"\u001b[90m> \u001b[39m     at processTicksAndRejections (internal/process/task_queues.js:84:21)"}}
[info] >  (node:3314) UnhandledPromiseRejectionWarning: Unhandled promise rejection. This error originated either by throwing inside of an async function without a catch block, or by rejecting a promise which was not handled with .catch(). To terminate the node process on unhandled promise rejection, use the CLI flag `--unhandled-rejections=strict` (see https://nodejs.org/api/cli.html#cli_unhandled_rejections_mode). (rejection id: 1) {"user":"(node:3314) UnhandledPromiseRejectionWarning: Unhandled promise rejection. This error originated either by throwing inside of an async function without a catch block, or by rejecting a promise which was not handled with .catch(). To terminate the node process on unhandled promise rejection, use the CLI flag `--unhandled-rejections=strict` (see https://nodejs.org/api/cli.html#cli_unhandled_rejections_mode). (rejection id: 1)","metadata":{"emulator":{"name":"functions"},"function":{"name":"api"},"message":"\u001b[90m> \u001b[39m (node:3314) UnhandledPromiseRejectionWarning: Unhandled promise rejection. This error originated either by throwing inside of an async function without a catch block, or by rejecting a promise which was not handled with .catch(). To terminate the node process on unhandled promise rejection, use the CLI flag `--unhandled-rejections=strict` (see https://nodejs.org/api/cli.html#cli_unhandled_rejections_mode). (rejection id: 1)"}}
[info] >  (node:3314) [DEP0018] DeprecationWarning: Unhandled promise rejections are deprecated. In the future, promise rejections that are not handled will terminate the Node.js process with a non-zero exit code. {"user":"(node:3314) [DEP0018] DeprecationWarning: Unhandled promise rejections are deprecated. In the future, promise rejections that are not handled will terminate the Node.js process with a non-zero exit code.","metadata":{"emulator":{"name":"functions"},"function":{"name":"api"},"message":"\u001b[90m> \u001b[39m (node:3314) [DEP0018] DeprecationWarning: Unhandled promise rejections are deprecated. In the future, promise rejections that are not handled will terminate the Node.js process with a non-zero exit code."}}
[debug] [2021-02-16T06:48:44.417Z] [work-queue] {"queueLength":1,"workRunningCount":1}
[debug] [2021-02-16T06:48:44.417Z] [work-queue] {"queueLength":0,"workRunningCount":2}
[debug] [2021-02-16T06:48:44.417Z] Accepted request POST /challenge-d2771/us-central1/api/payments/create?total=8997 --> api
[debug] [2021-02-16T06:48:44.423Z] [worker-pool] addWorker(api) {"metadata":{"emulator":{"name":"functions"},"message":"[worker-pool] addWorker(api)"}}
[debug] [2021-02-16T06:48:44.424Z] [worker-pool] Adding worker with key api, total=2 {"metadata":{"emulator":{"name":"functions"},"message":"[worker-pool] Adding worker with key api, total=2"}}
[debug] [2021-02-16T06:48:44.424Z] [worker-pool] submitWork(triggerId=api) {"metadata":{"emulator":{"name":"functions"},"message":"[worker-pool] submitWork(triggerId=api)"}}
[debug] [2021-02-16T06:48:44.425Z] [worker-api-5fbca255-f991-4dd1-ad25-87df423710ed]: Assigning socketPath: /var/folders/yw/vl4bghv10bqdxkwlqwbfyhj00000gn/T/fire_emu_3317.sock {"metadata":{"emulator":{"name":"functions"},"message":"[worker-api-5fbca255-f991-4dd1-ad25-87df423710ed]: Assigning socketPath: /var/folders/yw/vl4bghv10bqdxkwlqwbfyhj00000gn/T/fire_emu_3317.sock"}}
[debug] [2021-02-16T06:48:44.425Z] [worker-api-5fbca255-f991-4dd1-ad25-87df423710ed]: BUSY {"metadata":{"emulator":{"name":"functions"},"message":"[worker-api-5fbca255-f991-4dd1-ad25-87df423710ed]: BUSY"}}
[debug] [2021-02-16T06:48:44.817Z] [runtime-status] [3317] Functions runtime initialized. {"cwd":"/Users/sibilubaissa/webApplicationProject/amazon-clone/functions","node_version":"12.16.1"} {"metadata":{"emulator":{"name":"functions"},"function":{"name":"api"},"message":"[runtime-status] [3317] Functions runtime initialized. {\"cwd\":\"/Users/sibilubaissa/webApplicationProject/amazon-clone/functions\",\"node_version\":\"12.16.1\"}"}}
[debug] [2021-02-16T06:48:44.818Z] [runtime-status] [3317] Disabled runtime features: undefined {"metadata":{"emulator":{"name":"functions"},"function":{"name":"api"},"message":"[runtime-status] [3317] Disabled runtime features: undefined"}}
[debug] [2021-02-16T06:48:44.823Z] [runtime-status] [3317] Resolved module firebase-admin {"declared":true,"installed":true,"version":"9.5.0","resolution":"/Users/sibilubaissa/webApplicationProject/amazon-clone/functions/node_modules/firebase-admin/lib/index.js"} {"metadata":{"emulator":{"name":"functions"},"function":{"name":"api"},"message":"[runtime-status] [3317] Resolved module firebase-admin {\"declared\":true,\"installed\":true,\"version\":\"9.5.0\",\"resolution\":\"/Users/sibilubaissa/webApplicationProject/amazon-clone/functions/node_modules/firebase-admin/lib/index.js\"}"}}
[debug] [2021-02-16T06:48:44.825Z] [runtime-status] [3317] Resolved module firebase-functions {"declared":true,"installed":true,"version":"3.13.1","resolution":"/Users/sibilubaissa/webApplicationProject/amazon-clone/functions/node_modules/firebase-functions/lib/index.js"} {"metadata":{"emulator":{"name":"functions"},"function":{"name":"api"},"message":"[runtime-status] [3317] Resolved module firebase-functions {\"declared\":true,\"installed\":true,\"version\":\"3.13.1\",\"resolution\":\"/Users/sibilubaissa/webApplicationProject/amazon-clone/functions/node_modules/firebase-functions/lib/index.js\"}"}}
[debug] [2021-02-16T06:48:44.826Z] [runtime-status] [3317] Resolved module firebase-functions {"declared":true,"installed":true,"version":"3.13.1","resolution":"/Users/sibilubaissa/webApplicationProject/amazon-clone/functions/node_modules/firebase-functions/lib/index.js"} {"metadata":{"emulator":{"name":"functions"},"function":{"name":"api"},"message":"[runtime-status] [3317] Resolved module firebase-functions {\"declared\":true,\"installed\":true,\"version\":\"3.13.1\",\"resolution\":\"/Users/sibilubaissa/webApplicationProject/amazon-clone/functions/node_modules/firebase-functions/lib/index.js\"}"}}
[debug] [2021-02-16T06:48:44.836Z] [runtime-status] [3317] Outgoing network have been stubbed. [{"name":"http","status":"mocked"},{"name":"http","status":"mocked"},{"name":"https","status":"mocked"},{"name":"https","status":"mocked"},{"name":"net","status":"mocked"}] {"metadata":{"emulator":{"name":"functions"},"function":{"name":"api"},"message":"[runtime-status] [3317] Outgoing network have been stubbed. [{\"name\":\"http\",\"status\":\"mocked\"},{\"name\":\"http\",\"status\":\"mocked\"},{\"name\":\"https\",\"status\":\"mocked\"},{\"name\":\"https\",\"status\":\"mocked\"},{\"name\":\"net\",\"status\":\"mocked\"}]"}}
[debug] [2021-02-16T06:48:44.838Z] [runtime-status] [3317] Resolved module firebase-functions {"declared":true,"installed":true,"version":"3.13.1","resolution":"/Users/sibilubaissa/webApplicationProject/amazon-clone/functions/node_modules/firebase-functions/lib/index.js"} {"metadata":{"emulator":{"name":"functions"},"function":{"name":"api"},"message":"[runtime-status] [3317] Resolved module firebase-functions {\"declared\":true,\"installed\":true,\"version\":\"3.13.1\",\"resolution\":\"/Users/sibilubaissa/webApplicationProject/amazon-clone/functions/node_modules/firebase-functions/lib/index.js\"}"}}
[debug] [2021-02-16T06:48:44.904Z] [runtime-status] [3317] Checked functions.config() {"config":{}} {"metadata":{"emulator":{"name":"functions"},"function":{"name":"api"},"message":"[runtime-status] [3317] Checked functions.config() {\"config\":{}}"}}
[debug] [2021-02-16T06:48:44.905Z] [runtime-status] [3317] firebase-functions has been stubbed. {"functionsResolution":{"declared":true,"installed":true,"version":"3.13.1","resolution":"/Users/sibilubaissa/webApplicationProject/amazon-clone/functions/node_modules/firebase-functions/lib/index.js"}} {"metadata":{"emulator":{"name":"functions"},"function":{"name":"api"},"message":"[runtime-status] [3317] firebase-functions has been stubbed. {\"functionsResolution\":{\"declared\":true,\"installed\":true,\"version\":\"3.13.1\",\"resolution\":\"/Users/sibilubaissa/webApplicationProject/amazon-clone/functions/node_modules/firebase-functions/lib/index.js\"}}"}}
[debug] [2021-02-16T06:48:44.905Z] [runtime-status] [3317] Resolved module firebase-functions {"declared":true,"installed":true,"version":"3.13.1","resolution":"/Users/sibilubaissa/webApplicationProject/amazon-clone/functions/node_modules/firebase-functions/lib/index.js"} {"metadata":{"emulator":{"name":"functions"},"function":{"name":"api"},"message":"[runtime-status] [3317] Resolved module firebase-functions {\"declared\":true,\"installed\":true,\"version\":\"3.13.1\",\"resolution\":\"/Users/sibilubaissa/webApplicationProject/amazon-clone/functions/node_modules/firebase-functions/lib/index.js\"}"}}
[debug] [2021-02-16T06:48:44.906Z] [runtime-status] [3317] Resolved module firebase-admin {"declared":true,"installed":true,"version":"9.5.0","resolution":"/Users/sibilubaissa/webApplicationProject/amazon-clone/functions/node_modules/firebase-admin/lib/index.js"} {"metadata":{"emulator":{"name":"functions"},"function":{"name":"api"},"message":"[runtime-status] [3317] Resolved module firebase-admin {\"declared\":true,\"installed\":true,\"version\":\"9.5.0\",\"resolution\":\"/Users/sibilubaissa/webApplicationProject/amazon-clone/functions/node_modules/firebase-admin/lib/index.js\"}"}}
[debug] [2021-02-16T06:48:44.907Z] [runtime-status] [3317] Resolved module firebase-functions {"declared":true,"installed":true,"version":"3.13.1","resolution":"/Users/sibilubaissa/webApplicationProject/amazon-clone/functions/node_modules/firebase-functions/lib/index.js"} {"metadata":{"emulator":{"name":"functions"},"function":{"name":"api"},"message":"[runtime-status] [3317] Resolved module firebase-functions {\"declared\":true,\"installed\":true,\"version\":\"3.13.1\",\"resolution\":\"/Users/sibilubaissa/webApplicationProject/amazon-clone/functions/node_modules/firebase-functions/lib/index.js\"}"}}
[debug] [2021-02-16T06:48:44.907Z] [runtime-status] [3317] firebase-admin has been stubbed. {"adminResolution":{"declared":true,"installed":true,"version":"9.5.0","resolution":"/Users/sibilubaissa/webApplicationProject/amazon-clone/functions/node_modules/firebase-admin/lib/index.js"}} {"metadata":{"emulator":{"name":"functions"},"function":{"name":"api"},"message":"[runtime-status] [3317] firebase-admin has been stubbed. {\"adminResolution\":{\"declared\":true,\"installed\":true,\"version\":\"9.5.0\",\"resolution\":\"/Users/sibilubaissa/webApplicationProject/amazon-clone/functions/node_modules/firebase-admin/lib/index.js\"}}"}}
[debug] [2021-02-16T06:48:45.118Z] [runtime-status] [3317] Trigger "api" has been found, beginning invocation! {"metadata":{"emulator":{"name":"functions"},"function":{"name":"api"},"message":"[runtime-status] [3317] Trigger \"api\" has been found, beginning invocation!"}}
[info] i  functions: Beginning execution of "api" {"metadata":{"emulator":{"name":"functions"},"function":{"name":"api"},"message":"Beginning execution of \"api\""}}
[debug] [2021-02-16T06:48:45.119Z] [runtime-status] [3317] triggerDefinition {"httpsTrigger":{},"name":"api","entryPoint":"api"} {"metadata":{"emulator":{"name":"functions"},"function":{"name":"api"},"message":"[runtime-status] [3317] triggerDefinition {\"httpsTrigger\":{},\"name\":\"api\",\"entryPoint\":\"api\"}"}}
[debug] [2021-02-16T06:48:45.120Z] [runtime-status] [3317] Running api in mode HTTPS {"metadata":{"emulator":{"name":"functions"},"function":{"name":"api"},"message":"[runtime-status] [3317] Running api in mode HTTPS"}}
[debug] [2021-02-16T06:48:45.125Z] [runtime-status] [3317] Attempting to listen to socketPath: /var/folders/yw/vl4bghv10bqdxkwlqwbfyhj00000gn/T/fire_emu_3317.sock {"metadata":{"emulator":{"name":"functions"},"function":{"name":"api"},"message":"[runtime-status] [3317] Attempting to listen to socketPath: /var/folders/yw/vl4bghv10bqdxkwlqwbfyhj00000gn/T/fire_emu_3317.sock"}}
[debug] [2021-02-16T06:48:45.131Z] [functions] Runtime ready! Sending request! {"metadata":{"emulator":{"name":"functions"},"message":"[functions] Runtime ready! Sending request!"}}
[debug] [2021-02-16T06:48:45.132Z] [functions] Got req.url=/challenge-d2771/us-central1/api/payments/create?total=8997, mapping to path=/payments/create?total=8997 {"metadata":{"emulator":{"name":"functions"},"message":"[functions] Got req.url=/challenge-d2771/us-central1/api/payments/create?total=8997, mapping to path=/payments/create?total=8997"}}
[debug] [2021-02-16T06:48:45.162Z] [runtime-status] [3317] Ephemeral server handling POST request {"metadata":{"emulator":{"name":"functions"},"function":{"name":"api"},"message":"[runtime-status] [3317] Ephemeral server handling POST request"}}
[info] >  Payment Request Received BOOM!!! for this amount >>> 8997 {"user":"Payment Request Received BOOM!!! for this amount >>> 8997","metadata":{"emulator":{"name":"functions"},"function":{"name":"api"},"message":"\u001b[90m> \u001b[39m Payment Request Received BOOM!!! for this amount >>> 8997"}}
[debug] [2021-02-16T06:48:45.186Z] [runtime-status] [3317] Ephemeral server survived. {"metadata":{"emulator":{"name":"functions"},"function":{"name":"api"},"message":"[runtime-status] [3317] Ephemeral server survived."}}
[info] i  functions: Finished "api" in ~1s {"metadata":{"emulator":{"name":"functions"},"function":{"name":"api"},"message":"Finished \"api\" in ~1s"}}
[debug] [2021-02-16T06:48:45.690Z] [worker-api-5fbca255-f991-4dd1-ad25-87df423710ed]: IDLE {"metadata":{"emulator":{"name":"functions"},"message":"[worker-api-5fbca255-f991-4dd1-ad25-87df423710ed]: IDLE"}}
[debug] [2021-02-16T06:48:45.691Z] [work-queue] {"queueLength":0,"workRunningCount":1}
[debug] [2021-02-16T06:48:55.381Z] [work-queue] {"queueLength":1,"workRunningCount":1}
[debug] [2021-02-16T06:48:55.383Z] [work-queue] {"queueLength":0,"workRunningCount":2}
[debug] [2021-02-16T06:48:55.383Z] Accepted request POST /challenge-d2771/us-central1/api/payments/create?total=0 --> api
[debug] [2021-02-16T06:48:55.383Z] [worker-pool] submitWork(triggerId=api) {"metadata":{"emulator":{"name":"functions"},"message":"[worker-pool] submitWork(triggerId=api)"}}
[debug] [2021-02-16T06:48:55.384Z] [worker-api-5fbca255-f991-4dd1-ad25-87df423710ed]: Assigning socketPath: /var/folders/yw/vl4bghv10bqdxkwlqwbfyhj00000gn/T/fire_emu_3317.sock {"metadata":{"emulator":{"name":"functions"},"message":"[worker-api-5fbca255-f991-4dd1-ad25-87df423710ed]: Assigning socketPath: /var/folders/yw/vl4bghv10bqdxkwlqwbfyhj00000gn/T/fire_emu_3317.sock"}}
[debug] [2021-02-16T06:48:55.384Z] [worker-api-5fbca255-f991-4dd1-ad25-87df423710ed]: BUSY {"metadata":{"emulator":{"name":"functions"},"message":"[worker-api-5fbca255-f991-4dd1-ad25-87df423710ed]: BUSY"}}
[debug] [2021-02-16T06:48:55.395Z] [runtime-status] [3317] Trigger "api" has been found, beginning invocation! {"metadata":{"emulator":{"name":"functions"},"function":{"name":"api"},"message":"[runtime-status] [3317] Trigger \"api\" has been found, beginning invocation!"}}
[info] i  functions: Beginning execution of "api" {"metadata":{"emulator":{"name":"functions"},"function":{"name":"api"},"message":"Beginning execution of \"api\""}}
[debug] [2021-02-16T06:48:55.399Z] [runtime-status] [3317] triggerDefinition {"httpsTrigger":{},"name":"api","entryPoint":"api"} {"metadata":{"emulator":{"name":"functions"},"function":{"name":"api"},"message":"[runtime-status] [3317] triggerDefinition {\"httpsTrigger\":{},\"name\":\"api\",\"entryPoint\":\"api\"}"}}
[debug] [2021-02-16T06:48:55.399Z] [runtime-status] [3317] Running api in mode HTTPS {"metadata":{"emulator":{"name":"functions"},"function":{"name":"api"},"message":"[runtime-status] [3317] Running api in mode HTTPS"}}
[debug] [2021-02-16T06:48:55.400Z] [runtime-status] [3317] Attempting to listen to socketPath: /var/folders/yw/vl4bghv10bqdxkwlqwbfyhj00000gn/T/fire_emu_3317.sock {"metadata":{"emulator":{"name":"functions"},"function":{"name":"api"},"message":"[runtime-status] [3317] Attempting to listen to socketPath: /var/folders/yw/vl4bghv10bqdxkwlqwbfyhj00000gn/T/fire_emu_3317.sock"}}
[debug] [2021-02-16T06:48:55.401Z] [functions] Runtime ready! Sending request! {"metadata":{"emulator":{"name":"functions"},"message":"[functions] Runtime ready! Sending request!"}}
[debug] [2021-02-16T06:48:55.402Z] [functions] Got req.url=/challenge-d2771/us-central1/api/payments/create?total=0, mapping to path=/payments/create?total=0 {"metadata":{"emulator":{"name":"functions"},"message":"[functions] Got req.url=/challenge-d2771/us-central1/api/payments/create?total=0, mapping to path=/payments/create?total=0"}}
[debug] [2021-02-16T06:48:55.409Z] [runtime-status] [3317] Ephemeral server handling POST request {"metadata":{"emulator":{"name":"functions"},"function":{"name":"api"},"message":"[runtime-status] [3317] Ephemeral server handling POST request"}}
[info] >  Payment Request Received BOOM!!! for this amount >>> 0 {"user":"Payment Request Received BOOM!!! for this amount >>> 0","metadata":{"emulator":{"name":"functions"},"function":{"name":"api"},"message":"\u001b[90m> \u001b[39m Payment Request Received BOOM!!! for this amount >>> 0"}}
[debug] [2021-02-16T06:48:55.412Z] [runtime-status] [3317] Ephemeral server survived. {"metadata":{"emulator":{"name":"functions"},"function":{"name":"api"},"message":"[runtime-status] [3317] Ephemeral server survived."}}
[info] >  (node:3317) UnhandledPromiseRejectionWarning: Error: This value must be greater than or equal to 1. {"user":"(node:3317) UnhandledPromiseRejectionWarning: Error: This value must be greater than or equal to 1.","metadata":{"emulator":{"name":"functions"},"function":{"name":"api"},"message":"\u001b[90m> \u001b[39m (node:3317) UnhandledPromiseRejectionWarning: Error: This value must be greater than or equal to 1."}}
[info] >      at Function.generate (/Users/sibilubaissa/webApplicationProject/amazon-clone/functions/node_modules/stripe/lib/Error.js:40:16) {"user":"    at Function.generate (/Users/sibilubaissa/webApplicationProject/amazon-clone/functions/node_modules/stripe/lib/Error.js:40:16)","metadata":{"emulator":{"name":"functions"},"function":{"name":"api"},"message":"\u001b[90m> \u001b[39m     at Function.generate (/Users/sibilubaissa/webApplicationProject/amazon-clone/functions/node_modules/stripe/lib/Error.js:40:16)"}}
[info] >      at IncomingMessage.<anonymous> (/Users/sibilubaissa/webApplicationProject/amazon-clone/functions/node_modules/stripe/lib/StripeResource.js:180:33) {"user":"    at IncomingMessage.<anonymous> (/Users/sibilubaissa/webApplicationProject/amazon-clone/functions/node_modules/stripe/lib/StripeResource.js:180:33)","metadata":{"emulator":{"name":"functions"},"function":{"name":"api"},"message":"\u001b[90m> \u001b[39m     at IncomingMessage.<anonymous> (/Users/sibilubaissa/webApplicationProject/amazon-clone/functions/node_modules/stripe/lib/StripeResource.js:180:33)"}}
[info] >      at Object.onceWrapper (events.js:417:28) {"user":"    at Object.onceWrapper (events.js:417:28)","metadata":{"emulator":{"name":"functions"},"function":{"name":"api"},"message":"\u001b[90m> \u001b[39m     at Object.onceWrapper (events.js:417:28)"}}
[info] >      at IncomingMessage.emit (events.js:323:22) {"user":"    at IncomingMessage.emit (events.js:323:22)","metadata":{"emulator":{"name":"functions"},"function":{"name":"api"},"message":"\u001b[90m> \u001b[39m     at IncomingMessage.emit (events.js:323:22)"}}
[info] >      at endReadableNT (_stream_readable.js:1204:12) {"user":"    at endReadableNT (_stream_readable.js:1204:12)","metadata":{"emulator":{"name":"functions"},"function":{"name":"api"},"message":"\u001b[90m> \u001b[39m     at endReadableNT (_stream_readable.js:1204:12)"}}
[info] >      at processTicksAndRejections (internal/process/task_queues.js:84:21) {"user":"    at processTicksAndRejections (internal/process/task_queues.js:84:21)","metadata":{"emulator":{"name":"functions"},"function":{"name":"api"},"message":"\u001b[90m> \u001b[39m     at processTicksAndRejections (internal/process/task_queues.js:84:21)"}}
[info] >  (node:3317) UnhandledPromiseRejectionWarning: Unhandled promise rejection. This error originated either by throwing inside of an async function without a catch block, or by rejecting a promise which was not handled with .catch(). To terminate the node process on unhandled promise rejection, use the CLI flag `--unhandled-rejections=strict` (see https://nodejs.org/api/cli.html#cli_unhandled_rejections_mode). (rejection id: 1) {"user":"(node:3317) UnhandledPromiseRejectionWarning: Unhandled promise rejection. This error originated either by throwing inside of an async function without a catch block, or by rejecting a promise which was not handled with .catch(). To terminate the node process on unhandled promise rejection, use the CLI flag `--unhandled-rejections=strict` (see https://nodejs.org/api/cli.html#cli_unhandled_rejections_mode). (rejection id: 1)","metadata":{"emulator":{"name":"functions"},"function":{"name":"api"},"message":"\u001b[90m> \u001b[39m (node:3317) UnhandledPromiseRejectionWarning: Unhandled promise rejection. This error originated either by throwing inside of an async function without a catch block, or by rejecting a promise which was not handled with .catch(). To terminate the node process on unhandled promise rejection, use the CLI flag `--unhandled-rejections=strict` (see https://nodejs.org/api/cli.html#cli_unhandled_rejections_mode). (rejection id: 1)"}}
[info] >  (node:3317) [DEP0018] DeprecationWarning: Unhandled promise rejections are deprecated. In the future, promise rejections that are not handled will terminate the Node.js process with a non-zero exit code. {"user":"(node:3317) [DEP0018] DeprecationWarning: Unhandled promise rejections are deprecated. In the future, promise rejections that are not handled will terminate the Node.js process with a non-zero exit code.","metadata":{"emulator":{"name":"functions"},"function":{"name":"api"},"message":"\u001b[90m> \u001b[39m (node:3317) [DEP0018] DeprecationWarning: Unhandled promise rejections are deprecated. In the future, promise rejections that are not handled will terminate the Node.js process with a non-zero exit code."}}
[warn] ⚠  functions: Your function timed out after ~60s. To configure this timeout, see
      https://firebase.google.com/docs/functions/manage-functions#set_timeout_and_memory_allocation. {"metadata":{"emulator":{"name":"functions"},"function":{"name":"api"},"message":"Your function timed out after ~60s. To configure this timeout, see\n      https://firebase.google.com/docs/functions/manage-functions#set_timeout_and_memory_allocation."}}
[info] >  /usr/local/lib/node_modules/firebase-tools/lib/emulator/functionsEmulatorRuntime.js:640 {"user":"/usr/local/lib/node_modules/firebase-tools/lib/emulator/functionsEmulatorRuntime.js:640","metadata":{"emulator":{"name":"functions"},"function":{"name":"api"},"message":"\u001b[90m> \u001b[39m /usr/local/lib/node_modules/firebase-tools/lib/emulator/functionsEmulatorRuntime.js:640"}}
[info] >              throw new Error("Function timed out."); {"user":"            throw new Error(\"Function timed out.\");","metadata":{"emulator":{"name":"functions"},"function":{"name":"api"},"message":"\u001b[90m> \u001b[39m             throw new Error(\"Function timed out.\");"}}
[info] >              ^ {"user":"            ^","metadata":{"emulator":{"name":"functions"},"function":{"name":"api"},"message":"\u001b[90m> \u001b[39m             ^"}}
[info] >   {"user":"","metadata":{"emulator":{"name":"functions"},"function":{"name":"api"},"message":"\u001b[90m> \u001b[39m "}}
[info] >  Error: Function timed out. {"user":"Error: Function timed out.","metadata":{"emulator":{"name":"functions"},"function":{"name":"api"},"message":"\u001b[90m> \u001b[39m Error: Function timed out."}}
[info] >      at Timeout._onTimeout (/usr/local/lib/node_modules/firebase-tools/lib/emulator/functionsEmulatorRuntime.js:640:19) {"user":"    at Timeout._onTimeout (/usr/local/lib/node_modules/firebase-tools/lib/emulator/functionsEmulatorRuntime.js:640:19)","metadata":{"emulator":{"name":"functions"},"function":{"name":"api"},"message":"\u001b[90m> \u001b[39m     at Timeout._onTimeout (/usr/local/lib/node_modules/firebase-tools/lib/emulator/functionsEmulatorRuntime.js:640:19)"}}
[info] >      at listOnTimeout (internal/timers.js:549:17) {"user":"    at listOnTimeout (internal/timers.js:549:17)","metadata":{"emulator":{"name":"functions"},"function":{"name":"api"},"message":"\u001b[90m> \u001b[39m     at listOnTimeout (internal/timers.js:549:17)"}}
[info] >      at processTimers (internal/timers.js:492:7) {"user":"    at processTimers (internal/timers.js:492:7)","metadata":{"emulator":{"name":"functions"},"function":{"name":"api"},"message":"\u001b[90m> \u001b[39m     at processTimers (internal/timers.js:492:7)"}}
[debug] [2021-02-16T06:49:39.069Z] [worker-api-fa8280f4-fa3c-467c-bd3a-1ec37b13a5e7]: exited {"metadata":{"emulator":{"name":"functions"},"message":"[worker-api-fa8280f4-fa3c-467c-bd3a-1ec37b13a5e7]: exited"}}
[debug] [2021-02-16T06:49:39.069Z] [worker-api-fa8280f4-fa3c-467c-bd3a-1ec37b13a5e7]: FINISHED {"metadata":{"emulator":{"name":"functions"},"message":"[worker-api-fa8280f4-fa3c-467c-bd3a-1ec37b13a5e7]: FINISHED"}}
[debug] [2021-02-16T06:49:39.069Z] [work-queue] {"queueLength":0,"workRunningCount":1}
[warn] ⚠  functions: Your function timed out after ~60s. To configure this timeout, see
      https://firebase.google.com/docs/functions/manage-functions#set_timeout_and_memory_allocation. {"metadata":{"emulator":{"name":"functions"},"function":{"name":"api"},"message":"Your function timed out after ~60s. To configure this timeout, see\n      https://firebase.google.com/docs/functions/manage-functions#set_timeout_and_memory_allocation."}}
[info] >  /usr/local/lib/node_modules/firebase-tools/lib/emulator/functionsEmulatorRuntime.js:640 {"user":"/usr/local/lib/node_modules/firebase-tools/lib/emulator/functionsEmulatorRuntime.js:640","metadata":{"emulator":{"name":"functions"},"function":{"name":"api"},"message":"\u001b[90m> \u001b[39m /usr/local/lib/node_modules/firebase-tools/lib/emulator/functionsEmulatorRuntime.js:640"}}
[info] >              throw new Error("Function timed out."); {"user":"            throw new Error(\"Function timed out.\");","metadata":{"emulator":{"name":"functions"},"function":{"name":"api"},"message":"\u001b[90m> \u001b[39m             throw new Error(\"Function timed out.\");"}}
[info] >              ^ {"user":"            ^","metadata":{"emulator":{"name":"functions"},"function":{"name":"api"},"message":"\u001b[90m> \u001b[39m             ^"}}
[info] >   {"user":"","metadata":{"emulator":{"name":"functions"},"function":{"name":"api"},"message":"\u001b[90m> \u001b[39m "}}
[info] >  Error: Function timed out. {"user":"Error: Function timed out.","metadata":{"emulator":{"name":"functions"},"function":{"name":"api"},"message":"\u001b[90m> \u001b[39m Error: Function timed out."}}
[info] >      at Timeout._onTimeout (/usr/local/lib/node_modules/firebase-tools/lib/emulator/functionsEmulatorRuntime.js:640:19) {"user":"    at Timeout._onTimeout (/usr/local/lib/node_modules/firebase-tools/lib/emulator/functionsEmulatorRuntime.js:640:19)","metadata":{"emulator":{"name":"functions"},"function":{"name":"api"},"message":"\u001b[90m> \u001b[39m     at Timeout._onTimeout (/usr/local/lib/node_modules/firebase-tools/lib/emulator/functionsEmulatorRuntime.js:640:19)"}}
[info] >      at listOnTimeout (internal/timers.js:549:17) {"user":"    at listOnTimeout (internal/timers.js:549:17)","metadata":{"emulator":{"name":"functions"},"function":{"name":"api"},"message":"\u001b[90m> \u001b[39m     at listOnTimeout (internal/timers.js:549:17)"}}
[info] >      at processTimers (internal/timers.js:492:7) {"user":"    at processTimers (internal/timers.js:492:7)","metadata":{"emulator":{"name":"functions"},"function":{"name":"api"},"message":"\u001b[90m> \u001b[39m     at processTimers (internal/timers.js:492:7)"}}
[debug] [2021-02-16T06:49:55.414Z] [worker-api-5fbca255-f991-4dd1-ad25-87df423710ed]: exited {"metadata":{"emulator":{"name":"functions"},"message":"[worker-api-5fbca255-f991-4dd1-ad25-87df423710ed]: exited"}}
[debug] [2021-02-16T06:49:55.414Z] [worker-api-5fbca255-f991-4dd1-ad25-87df423710ed]: FINISHED {"metadata":{"emulator":{"name":"functions"},"message":"[worker-api-5fbca255-f991-4dd1-ad25-87df423710ed]: FINISHED"}}
[debug] [2021-02-16T06:49:55.414Z] [work-queue] {"queueLength":0,"workRunningCount":0}
